{
  "RSpec": {
    "coverage": {
      "/home/wonderful-instructions-1287/tic-tac-toe-rb-online-web-sp-000/lib/tic_tac_toe.rb": [
        1,
        18,
        null,
        null,
        null,
        1,
        null,
        null,
        null,
        null,
        null,
        null,
        null,
        null,
        1,
        18,
        18,
        18,
        18,
        18,
        null,
        null,
        1,
        18,
        null,
        null,
        1,
        18,
        null,
        null,
        1,
        18,
        null,
        null,
        1,
        18,
        18,
        18,
        18,
        18,
        18,
        0,
        null,
        null,
        null,
        1,
        18,
        18,
        162,
        27,
        null,
        null,
        18,
        null,
        null,
        1,
        18,
        null,
        null,
        1,
        39,
        null,
        236,
        236,
        236,
        null,
        236,
        236,
        236,
        null,
        236,
        16,
        null,
        null,
        23,
        null,
        null,
        1,
        140,
        null,
        null,
        1,
        17,
        null,
        null,
        1,
        19,
        null,
        null,
        1,
        4,
        4,
        4,
        null,
        null,
        null,
        1,
        12,
        18,
        null,
        12,
        5,
        7,
        3,
        null,
        null,
        null,
        null
      ]
    },
    "timestamp": 1579536746
  }
}
